Base path: /Applications/Unity/Unity.app/Contents
Cmd: getPlatforms
Cmd: preprocess
  insize=9278 outsize=2052 ok=1
Cmd: preprocess
  insize=11047 outsize=650 ok=1
Cmd: preprocess
  insize=1577 outsize=297 ok=1
Cmd: preprocess
  insize=1484 outsize=525 ok=1
Cmd: preprocess
  insize=1292 outsize=475 ok=1
Cmd: preprocess
  insize=9821 outsize=841 ok=1
Cmd: preprocess
  insize=2445 outsize=707 ok=1
Cmd: preprocess
  insize=1768 outsize=404 ok=1
Cmd: preprocess
  insize=840 outsize=378 ok=1
Cmd: preprocess
  insize=1002 outsize=407 ok=1
Cmd: preprocess
  insize=1089 outsize=368 ok=1
Cmd: preprocess
  insize=794 outsize=282 ok=1
Cmd: preprocess
  insize=4318 outsize=1138 ok=1
Cmd: preprocess
  insize=1819 outsize=540 ok=1
Cmd: preprocess
  error: 2 plat 19 at (33): Can't find include file Assets/Light2D/Resources/Shaders/LightBase.cginc
  insize=2474 outsize=788 ok=0
Cmd: preprocess
  insize=1374 outsize=464 ok=1
Cmd: preprocess
  insize=3698 outsize=698 ok=1
Cmd: preprocess
  error: 2 plat 19 at (30): Can't find include file Assets/Light2D/Resources/Shaders/LightBase.cginc
  insize=960 outsize=623 ok=0
Cmd: preprocess
  insize=1318 outsize=461 ok=1
Cmd: preprocess
  insize=6632 outsize=721 ok=1
Cmd: preprocess
  insize=1256 outsize=366 ok=1
Cmd: preprocess
  insize=12995 outsize=2634 ok=1
Cmd: preprocess
  error: 2 plat 19 at (30): Can't find include file Assets/Light2D/Resources/Shaders/LightBase.cginc
  insize=960 outsize=623 ok=0
Cmd: preprocess
  insize=2718 outsize=729 ok=1
Cmd: preprocess
  insize=1187 outsize=541 ok=1
Cmd: preprocess
  insize=1051 outsize=357 ok=1
Cmd: preprocess
  insize=1397 outsize=417 ok=1
Cmd: preprocess
  insize=1792 outsize=778 ok=1
Cmd: preprocess
  insize=1486 outsize=397 ok=1
Cmd: preprocess
  insize=785 outsize=272 ok=1
Cmd: preprocess
  insize=1351 outsize=381 ok=1
Cmd: preprocess
  insize=2389 outsize=696 ok=1
Cmd: preprocess
  insize=1048 outsize=323 ok=1
Cmd: preprocess
  insize=1497 outsize=605 ok=1
Cmd: preprocess
  insize=6533 outsize=887 ok=1
Cmd: preprocess
  insize=32656 outsize=307 ok=1
Cmd: preprocess
  insize=1299 outsize=312 ok=1
Cmd: preprocess
  insize=3684 outsize=660 ok=1
Cmd: preprocess
  insize=1083 outsize=301 ok=1
Cmd: preprocess
  insize=5439 outsize=1531 ok=1
Cmd: preprocess
  insize=1717 outsize=355 ok=1
Cmd: preprocess
  insize=975 outsize=311 ok=1
Cmd: preprocess
  error: 2 plat 19 at (30): Can't find include file Assets/Light2D/Resources/Shaders/LightBase.cginc
  insize=960 outsize=623 ok=0
Cmd: preprocess
  insize=305 outsize=305 ok=1
Cmd: preprocess
  insize=13916 outsize=1886 ok=1
Cmd: preprocess
  insize=1121 outsize=410 ok=1
Cmd: preprocess
  insize=12143 outsize=2515 ok=1
Cmd: preprocess
  insize=6372 outsize=677 ok=1
Cmd: preprocess
  insize=3038 outsize=705 ok=1
Cmd: preprocess
  error: 2 plat 19 at (30): Can't find include file Assets/Light2D/Resources/Shaders/LightBase.cginc
  insize=960 outsize=623 ok=0
Cmd: preprocess
  insize=11529 outsize=2549 ok=1
Cmd: preprocess
  insize=2569 outsize=1208 ok=1
Cmd: preprocess
  insize=1060 outsize=489 ok=1
Cmd: preprocess
  insize=13894 outsize=2325 ok=1
Cmd: preprocess
  error: 2 plat 19 at (30): Can't find include file Assets/Light2D/Resources/Shaders/LightBase.cginc
  insize=960 outsize=623 ok=0
Cmd: preprocess
  insize=2033 outsize=509 ok=1
Cmd: preprocess
  insize=1440 outsize=694 ok=1
Cmd: preprocess
  insize=1961 outsize=649 ok=1
Cmd: preprocess
  error: 2 plat 19 at (30): Can't find include file Assets/Light2D/Resources/Shaders/LightBase.cginc
  insize=958 outsize=621 ok=0
Cmd: preprocess
  insize=1531 outsize=722 ok=1
Cmd: preprocess
  insize=1775 outsize=354 ok=1
Cmd: preprocess
  insize=27352 outsize=4045 ok=1
Cmd: preprocess
  insize=4189 outsize=541 ok=1
Cmd: preprocess
  insize=2357 outsize=1244 ok=1
Cmd: preprocess
  insize=2466 outsize=728 ok=1
Cmd: preprocess
  insize=1758 outsize=332 ok=1
Cmd: preprocess
  insize=1109 outsize=403 ok=1
Cmd: preprocess
  insize=1206 outsize=478 ok=1
Cmd: preprocess
  insize=5919 outsize=797 ok=1
Cmd: preprocess
  insize=5713 outsize=682 ok=1
Cmd: preprocess
  insize=7340 outsize=783 ok=1
Cmd: preprocess
  insize=1542 outsize=558 ok=1
Cmd: preprocess
  insize=32666 outsize=307 ok=1
Cmd: preprocess
  error: 2 plat 19 at (30): Can't find include file Assets/Light2D/Resources/Shaders/LightBase.cginc
  insize=960 outsize=623 ok=0
Cmd: preprocess
  insize=276 outsize=276 ok=1
Cmd: preprocess
  insize=5258 outsize=1773 ok=1
Cmd: preprocess
  insize=6820 outsize=288 ok=1
Cmd: preprocess
  insize=4393 outsize=439 ok=1
Cmd: preprocess
  insize=4930 outsize=940 ok=1
Cmd: preprocess
  insize=1393 outsize=435 ok=1
Cmd: preprocess
  insize=5835 outsize=1226 ok=1
Cmd: preprocess
  insize=799 outsize=337 ok=1
Cmd: preprocess
  insize=3999 outsize=607 ok=1
Cmd: preprocess
  insize=2494 outsize=601 ok=1
Cmd: preprocess
  insize=956 outsize=353 ok=1
Cmd: preprocess
  insize=1422 outsize=349 ok=1
Cmd: preprocess
  insize=2225 outsize=1001 ok=1
Cmd: preprocess
  insize=5397 outsize=762 ok=1
Cmd: preprocess
  insize=1840 outsize=573 ok=1
Cmd: preprocess
  insize=1100 outsize=522 ok=1
Cmd: preprocess
  insize=1296 outsize=440 ok=1
Cmd: preprocess
  insize=657 outsize=311 ok=1
Cmd: preprocess
  insize=807 outsize=367 ok=1
Cmd: preprocess
  error: 2 plat 19 at (30): Can't find include file Assets/Light2D/Resources/Shaders/LightBase.cginc
  insize=960 outsize=623 ok=0
Cmd: preprocess
  insize=5360 outsize=812 ok=1
Cmd: preprocess
  insize=1810 outsize=735 ok=1
Cmd: preprocess
  insize=683 outsize=261 ok=1
Cmd: compileSnippet
  error: 2 plat 15 at (33): failed to open source file: 'Assets/Light2D/Resources/Shaders/LightBase.cginc'\nCompiling Vertex program with ORTHOGRAPHIC_CAMERA
Platform defines: UNITY_ENABLE_REFLECTION_BUFFERS UNITY_PBS_USE_BRDF1 UNITY_SPECCUBE_BOX_PROJECTION UNITY_SPECCUBE_BLENDING SHADER_API_DESKTOP UNITY_COLORSPACE_GAMMA
  api=15 type=0 insize=1990 outsize=0 kw=ORTHOGRAPHIC_CAMERA pd=UNITY_ENABLE_REFLECTION_BUFFERS UNITY_PBS_USE_BRDF1 UNITY_SPECCUBE_BOX_PROJECTION UNITY_SPECCUBE_BLENDING SHADER_API_DESKTOP UNITY_COLORSPACE_GAMMA ok=0
Cmd: compileSnippet
  error: 2 plat 15 at (30): failed to open source file: 'Assets/Light2D/Resources/Shaders/LightBase.cginc'\nCompiling Vertex program with ORTHOGRAPHIC_CAMERA
Platform defines: UNITY_ENABLE_REFLECTION_BUFFERS UNITY_PBS_USE_BRDF1 UNITY_SPECCUBE_BOX_PROJECTION UNITY_SPECCUBE_BLENDING SHADER_API_DESKTOP UNITY_COLORSPACE_GAMMA
  api=15 type=0 insize=641 outsize=0 kw=ORTHOGRAPHIC_CAMERA pd=UNITY_ENABLE_REFLECTION_BUFFERS UNITY_PBS_USE_BRDF1 UNITY_SPECCUBE_BOX_PROJECTION UNITY_SPECCUBE_BLENDING SHADER_API_DESKTOP UNITY_COLORSPACE_GAMMA ok=0
Cmd: compileSnippet
  error: 2 plat 15 at (30): failed to open source file: 'Assets/Light2D/Resources/Shaders/LightBase.cginc'\nCompiling Vertex program with ORTHOGRAPHIC_CAMERA
Platform defines: UNITY_ENABLE_REFLECTION_BUFFERS UNITY_PBS_USE_BRDF1 UNITY_SPECCUBE_BOX_PROJECTION UNITY_SPECCUBE_BLENDING SHADER_API_DESKTOP UNITY_COLORSPACE_GAMMA
  api=15 type=0 insize=641 outsize=0 kw=ORTHOGRAPHIC_CAMERA pd=UNITY_ENABLE_REFLECTION_BUFFERS UNITY_PBS_USE_BRDF1 UNITY_SPECCUBE_BOX_PROJECTION UNITY_SPECCUBE_BLENDING SHADER_API_DESKTOP UNITY_COLORSPACE_GAMMA ok=0
Cmd: compileSnippet
  error: 2 plat 15 at (30): failed to open source file: 'Assets/Light2D/Resources/Shaders/LightBase.cginc'\nCompiling Vertex program with ORTHOGRAPHIC_CAMERA
Platform defines: UNITY_ENABLE_REFLECTION_BUFFERS UNITY_PBS_USE_BRDF1 UNITY_SPECCUBE_BOX_PROJECTION UNITY_SPECCUBE_BLENDING SHADER_API_DESKTOP UNITY_COLORSPACE_GAMMA
  api=15 type=0 insize=641 outsize=0 kw=ORTHOGRAPHIC_CAMERA pd=UNITY_ENABLE_REFLECTION_BUFFERS UNITY_PBS_USE_BRDF1 UNITY_SPECCUBE_BOX_PROJECTION UNITY_SPECCUBE_BLENDING SHADER_API_DESKTOP UNITY_COLORSPACE_GAMMA ok=0
Cmd: compileSnippet
  error: 2 plat 15 at (30): failed to open source file: 'Assets/Light2D/Resources/Shaders/LightBase.cginc'\nCompiling Vertex program with ORTHOGRAPHIC_CAMERA
Platform defines: UNITY_ENABLE_REFLECTION_BUFFERS UNITY_PBS_USE_BRDF1 UNITY_SPECCUBE_BOX_PROJECTION UNITY_SPECCUBE_BLENDING SHADER_API_DESKTOP UNITY_COLORSPACE_GAMMA
  api=15 type=0 insize=641 outsize=0 kw=ORTHOGRAPHIC_CAMERA pd=UNITY_ENABLE_REFLECTION_BUFFERS UNITY_PBS_USE_BRDF1 UNITY_SPECCUBE_BOX_PROJECTION UNITY_SPECCUBE_BLENDING SHADER_API_DESKTOP UNITY_COLORSPACE_GAMMA ok=0
Cmd: compileSnippet
  error: 2 plat 15 at (30): failed to open source file: 'Assets/Light2D/Resources/Shaders/LightBase.cginc'\nCompiling Vertex program with ORTHOGRAPHIC_CAMERA
Platform defines: UNITY_ENABLE_REFLECTION_BUFFERS UNITY_PBS_USE_BRDF1 UNITY_SPECCUBE_BOX_PROJECTION UNITY_SPECCUBE_BLENDING SHADER_API_DESKTOP UNITY_COLORSPACE_GAMMA
  api=15 type=0 insize=641 outsize=0 kw=ORTHOGRAPHIC_CAMERA pd=UNITY_ENABLE_REFLECTION_BUFFERS UNITY_PBS_USE_BRDF1 UNITY_SPECCUBE_BOX_PROJECTION UNITY_SPECCUBE_BLENDING SHADER_API_DESKTOP UNITY_COLORSPACE_GAMMA ok=0
Cmd: compileSnippet
  error: 2 plat 15 at (30): failed to open source file: 'Assets/Light2D/Resources/Shaders/LightBase.cginc'\nCompiling Vertex program with ORTHOGRAPHIC_CAMERA
Platform defines: UNITY_ENABLE_REFLECTION_BUFFERS UNITY_PBS_USE_BRDF1 UNITY_SPECCUBE_BOX_PROJECTION UNITY_SPECCUBE_BLENDING SHADER_API_DESKTOP UNITY_COLORSPACE_GAMMA
  api=15 type=0 insize=641 outsize=0 kw=ORTHOGRAPHIC_CAMERA pd=UNITY_ENABLE_REFLECTION_BUFFERS UNITY_PBS_USE_BRDF1 UNITY_SPECCUBE_BOX_PROJECTION UNITY_SPECCUBE_BLENDING SHADER_API_DESKTOP UNITY_COLORSPACE_GAMMA ok=0
Cmd: compileSnippet
  error: 2 plat 15 at (30): failed to open source file: 'Assets/Light2D/Resources/Shaders/LightBase.cginc'\nCompiling Vertex program with ORTHOGRAPHIC_CAMERA
Platform defines: UNITY_ENABLE_REFLECTION_BUFFERS UNITY_PBS_USE_BRDF1 UNITY_SPECCUBE_BOX_PROJECTION UNITY_SPECCUBE_BLENDING SHADER_API_DESKTOP UNITY_COLORSPACE_GAMMA
  api=15 type=0 insize=641 outsize=0 kw=ORTHOGRAPHIC_CAMERA pd=UNITY_ENABLE_REFLECTION_BUFFERS UNITY_PBS_USE_BRDF1 UNITY_SPECCUBE_BOX_PROJECTION UNITY_SPECCUBE_BLENDING SHADER_API_DESKTOP UNITY_COLORSPACE_GAMMA ok=0
Cmd: compileSnippet
  error: 2 plat 15 at (30): failed to open source file: 'Assets/Light2D/Resources/Shaders/LightBase.cginc'\nCompiling Vertex program with ORTHOGRAPHIC_CAMERA
Platform defines: UNITY_ENABLE_REFLECTION_BUFFERS UNITY_PBS_USE_BRDF1 UNITY_SPECCUBE_BOX_PROJECTION UNITY_SPECCUBE_BLENDING SHADER_API_DESKTOP UNITY_COLORSPACE_GAMMA
  api=15 type=0 insize=641 outsize=0 kw=ORTHOGRAPHIC_CAMERA pd=UNITY_ENABLE_REFLECTION_BUFFERS UNITY_PBS_USE_BRDF1 UNITY_SPECCUBE_BOX_PROJECTION UNITY_SPECCUBE_BLENDING SHADER_API_DESKTOP UNITY_COLORSPACE_GAMMA ok=0
